Chicago-20080319.txt
Chicago-20080319.txt
En en el archivo data/Chicago-20080319.txt hay 3938619 lineas
N: 3938619
0 61562 4
3.43594e+07 3.43786e+07 39894
8.09661e+07 8.10266e+07 85402
1.21108e+08 1.21126e+08 119698
1.72262e+08 1.72276e+08 157547
2.35364e+08 2.35428e+08 197058
2.93536e+08 2.93541e+08 236697
3.35715e+08 3.35729e+08 276357
3.76854e+08 3.76879e+08 315114
4.17546e+08 4.17546e+08 354503
4.58244e+08 4.58247e+08 394241
4.88507e+08 4.88546e+08 433310
5.27696e+08 5.27698e+08 473516
5.72075e+08 5.72083e+08 512101
6.14673e+08 6.14674e+08 551521
6.48908e+08 6.48909e+08 590841
6.86399e+08 6.86413e+08 631513
7.19953e+08 7.19955e+08 670062
7.58642e+08 7.58648e+08 710851
8.00266e+08 8.00286e+08 748371
8.43942e+08 8.43944e+08 787731
8.88994e+08 8.88995e+08 827109
9.26751e+08 9.26759e+08 866845
9.73708e+08 9.73716e+08 906156
1.01301e+09 1.01307e+09 958307
1.03172e+09 1.03172e+09 984748
1.04993e+09 1.04993e+09 1024050
1.10089e+09 1.10094e+09 1064545
1.15481e+09 1.15481e+09 1102815
1.20532e+09 1.20533e+09 1142199
1.25136e+09 1.2514e+09 1181614
1.28544e+09 1.28545e+09 1231248
1.32087e+09 1.32089e+09 1260376
1.38327e+09 1.38331e+09 1301295
1.42478e+09 1.42478e+09 1339184
1.45881e+09 1.45881e+09 1379232
1.50455e+09 1.50459e+09 1417985
1.55007e+09 1.55014e+09 1457376
1.59802e+09 1.59812e+09 1497127
1.63928e+09 1.63939e+09 1536635
1.68327e+09 1.68331e+09 1576649
1.70918e+09 1.70919e+09 1615032
1.75923e+09 1.75925e+09 1654274
1.80276e+09 1.80279e+09 1693779
1.83632e+09 1.83633e+09 1733815
1.87317e+09 1.87319e+09 1778488
1.91256e+09 1.91261e+09 1812365
1.96114e+09 1.96115e+09 1851237
1.97403e+09 1.9741e+09 1890538
2.03726e+09 2.03733e+09 1929933
2.06971e+09 2.06977e+09 1969502
2.1301e+09 2.13014e+09 2008696
2.19151e+09 2.19152e+09 2048218
2.23201e+09 2.23203e+09 2087583
2.28955e+09 2.28957e+09 2126854
2.35904e+09 2.35905e+09 2166313
2.40952e+09 2.40953e+09 2213471
2.44786e+09 2.44788e+09 2245019
2.50474e+09 2.50475e+09 2284425
2.5479e+09 2.54791e+09 2324613
2.58207e+09 2.58211e+09 2363204
2.62516e+09 2.62519e+09 2402622
2.67511e+09 2.67512e+09 2442068
2.7232e+09 2.72321e+09 2481854
2.77737e+09 2.77738e+09 2523273
2.82417e+09 2.82424e+09 2560143
2.86548e+09 2.86549e+09 2600110
2.91208e+09 2.91209e+09 2638932
2.95062e+09 2.95062e+09 2678329
2.99395e+09 2.99396e+09 2717663
3.03759e+09 3.0376e+09 2757529
3.08038e+09 3.08038e+09 2796970
3.13071e+09 3.13072e+09 2836027
3.16779e+09 3.16781e+09 2875364
3.21323e+09 3.21337e+09 2914875
3.26172e+09 3.26174e+09 2953999
3.31202e+09 3.31202e+09 2993354
3.3517e+09 3.3517e+09 3033224
3.39832e+09 3.39834e+09 3072262
3.43418e+09 3.4342e+09 3111523
3.4785e+09 3.4785e+09 3150930
3.53082e+09 3.53082e+09 3193904
3.56922e+09 3.56923e+09 3229714
3.6112e+09 3.61121e+09 3269280
3.65056e+09 3.65056e+09 3308463
3.69083e+09 3.69085e+09 3347990
3.73261e+09 3.73262e+09 3387321
3.77806e+09 3.77809e+09 3426638
3.80503e+09 3.80503e+09 3465996
3.84124e+09 3.84125e+09 3505372
3.87204e+09 3.87204e+09 3544849
3.91891e+09 3.91896e+09 3584222
3.95018e+09 3.95019e+09 3623543
3.99167e+09 3.99168e+09 3662982
4.02221e+09 4.02224e+09 3702359
4.07875e+09 4.0788e+09 3741756
4.11889e+09 4.11896e+09 3781648
4.15011e+09 4.15011e+09 3820643
4.1906e+09 4.19081e+09 3859943
4.24268e+09 4.24272e+09 3899232
Epsilon Entregado: 0.01 Espacio Maximo: 4415 NumElementosAAbarcar: 984654
Parametros:
N: 6173708082537497600, epsilon: 0.01, delta: 6.95252e-310, c: 1
H: 6173708082537497600, H': 140720562152168, H''6173708082537497600, k_H:140720562152240, s: 100
Tamaño del arreglo: 0, Espacio Total KLL: 148
NumNiveles: 1 NumElementosAbarcados: 531/984654
	 Espacio ocupado: 4264/4267 Cantidad de elementos por nivel: 532 Espacio por nivel: 4264 ... 4264
NumNiveles: 2 NumElementosAbarcados: 529/984654
	 Espacio ocupado: 4256/4267 Cantidad de elementos por nivel: 265 Espacio por nivel: 2128 ... 4256
NumNiveles: 3 NumElementosAbarcados: 703/984654
	 Espacio ocupado: 4248/4267 Cantidad de elementos por nivel: 176 Espacio por nivel: 1416 ... 4248
NumNiveles: 4 NumElementosAbarcados: 1055/984654
	 Espacio ocupado: 4256/4267 Cantidad de elementos por nivel: 132 Espacio por nivel: 1064 ... 4256
NumNiveles: 5 NumElementosAbarcados: 1679/984654
	 Espacio ocupado: 4240/4267 Cantidad de elementos por nivel: 105 Espacio por nivel: 848 ... 4240
NumNiveles: 6 NumElementosAbarcados: 2783/984654
	 Espacio ocupado: 4224/4267 Cantidad de elementos por nivel: 87 Espacio por nivel: 704 ... 4224
NumNiveles: 7 NumElementosAbarcados: 4799/984654
	 Espacio ocupado: 4256/4267 Cantidad de elementos por nivel: 75 Espacio por nivel: 608 ... 4256
NumNiveles: 8 NumElementosAbarcados: 8319/984654
	 Espacio ocupado: 4224/4267 Cantidad de elementos por nivel: 65 Espacio por nivel: 528 ... 4224
NumNiveles: 9 NumElementosAbarcados: 14847/984654
	 Espacio ocupado: 4248/4267 Cantidad de elementos por nivel: 58 Espacio por nivel: 472 ... 4248
NumNiveles: 10 NumElementosAbarcados: 26623/984654
	 Espacio ocupado: 4240/4267 Cantidad de elementos por nivel: 52 Espacio por nivel: 424 ... 4240
NumNiveles: 11 NumElementosAbarcados: 48127/984654
	 Espacio ocupado: 4224/4267 Cantidad de elementos por nivel: 47 Espacio por nivel: 384 ... 4224
NumNiveles: 12 NumElementosAbarcados: 88063/984654
	 Espacio ocupado: 4224/4267 Cantidad de elementos por nivel: 43 Espacio por nivel: 352 ... 4224
NumNiveles: 13 NumElementosAbarcados: 163839/984654
	 Espacio ocupado: 4264/4267 Cantidad de elementos por nivel: 40 Espacio por nivel: 328 ... 4264
NumNiveles: 14 NumElementosAbarcados: 303103/984654
	 Espacio ocupado: 4256/4267 Cantidad de elementos por nivel: 37 Espacio por nivel: 304 ... 4256
NumNiveles: 15 NumElementosAbarcados: 557055/984654
	 Espacio ocupado: 4200/4267 Cantidad de elementos por nivel: 34 Espacio por nivel: 280 ... 4200
NumNiveles: 16 NumElementosAbarcados: 1048575/984654
	 Espacio ocupado: 4224/4267 Cantidad de elementos por nivel: 32 Espacio por nivel: 264 ... 4224
Num niveles: 16
cant de elementos por nivel: 32
Parametros:
N: 1048575, epsilon: 0.01, delta: 6.95252e-310, c: 1
H: 15, H': 0, H''0, k_H:32, s: 100
Tamaño del arreglo: 4224, Espacio Total KLL: 4372
terminate called after throwing an instance of 'std::out_of_range'
  what():  vector::_M_range_check: __n (which is 32) >= this->size() (which is 32)
